<?xml version="1.0" encoding="UTF-8"?>
<testsuites name="Recording_Modes_Test_Suite_Collection_001" time="334.41" tests="5" failures="0" errors="0">
   <testsuite name="Recording_Modes_Test_Suite_001" tests="5" failures="0" errors="0" time="305.111" skipped="0" timestamp="28-01-2024T15:01:13" hostname="Admin - LAPTOP-73RTQLDI" id="Test Suites/Katalon_Amazon_recoding_modes_Suite_001/Recording_Modes_Test_Suite_001">
      <properties>
         <property name="deviceName" value=""/>
         <property name="devicePlatform" value=""/>
         <property name="logFolder" value="C:\\Users\\hp\\Katalon Studio\\Software Automation Testing with Katalon\\Reports\\20240128_150010\\Katalon_Amazon_recoding_modes_Suite_001\\Recording_Modes_Test_Suite_001\\20240128_150023"/>
         <property name="logFiles" value="C:\\Users\\hp\\Katalon Studio\\Software Automation Testing with Katalon\\Reports\\20240128_150010\\Katalon_Amazon_recoding_modes_Suite_001\\Recording_Modes_Test_Suite_001\\20240128_150023\\execution0.log"/>
         <property name="attachments" value=""/>
         <property name="hostName" value="Admin - LAPTOP-73RTQLDI"/>
         <property name="os" value="Windows 11 64bit"/>
         <property name="katalonVersion" value="9.2.0.212"/>
         <property name="browser" value="Chrome 120.0.0.0"/>
         <property name="hostAddress" value="169.254.189.53"/>
         <property name="sessionId" value="678dd0ad233e3d2e1fc787f282dc7999"/>
         <property name="seleniumVersion" value="3.141.59"/>
         <property name="proxyInformation" value="ProxyInformation { proxyOption=NO_PROXY, proxyServerType=HTTP, username=, password=********, proxyServerAddress=, proxyServerPort=0, executionList=&quot;&quot;, isApplyToDesiredCapabilities=true }"/>
         <property name="platform" value="Windows 11"/>
      </properties>
      <testcase name="Test Cases/Katalon_Amazon_Recording_Modes/TC_Amazon_Manual_Mode_Login_001" time="55.992" classname="Test Cases/Katalon_Amazon_Recording_Modes/TC_Amazon_Manual_Mode_Login_001" status="PASSED">
         <system-out><![CDATA[28-01-2024T15:01:14 - [TEST_CASE][PASSED] - Test Cases/Katalon_Amazon_Recording_Modes/TC_Amazon_Manual_Mode_Login_001: Test Cases/Katalon_Amazon_Recording_Modes/TC_Amazon_Manual_Mode_Login_001

28-01-2024T15:01:15 - [TEST_STEP][PASSED] - openBrowser(""): Browser is opened with url: ''

28-01-2024T15:01:16 - [MESSAGE][INFO] - Starting 'Chrome' driver

28-01-2024T15:01:16 - [MESSAGE][INFO] - Action delay is set to 0 milliseconds

28-01-2024T15:01:22 - [MESSAGE][PASSED] - Browser is opened with url: ''

28-01-2024T15:01:22 - [TEST_STEP][PASSED] - navigateToUrl("https://amazon.com"): Navigate to 'https://amazon.com' successfully

28-01-2024T15:01:40 - [MESSAGE][PASSED] - Navigate to 'https://amazon.com' successfully

28-01-2024T15:01:40 - [TEST_STEP][PASSED] - click(findTestObject("Manual_Login_OR/Page_Amazon.com. Spend less. Smile more/span_Account  Lists_nav-icon nav-arrow")): Object: 'Object Repository/Manual_Login_OR/Page_Amazon.com. Spend less. Smile more/span_Account  Lists_nav-icon nav-arrow' is clicked on

28-01-2024T15:02:03 - [MESSAGE][PASSED] - Object: 'Object Repository/Manual_Login_OR/Page_Amazon.com. Spend less. Smile more/span_Account  Lists_nav-icon nav-arrow' is clicked on

28-01-2024T15:02:03 - [TEST_STEP][PASSED] - setText(findTestObject("Manual_Login_OR/Page_Amazon Sign-In/input_Email or mobile phone number_email"), "iamjohnghost@gmail.com"): Text 'iamjohnghost@gmail.com' is set on object 'Object Repository/Manual_Login_OR/Page_Amazon Sign-In/input_Email or mobile phone number_email'

28-01-2024T15:02:04 - [MESSAGE][PASSED] - Text 'iamjohnghost@gmail.com' is set on object 'Object Repository/Manual_Login_OR/Page_Amazon Sign-In/input_Email or mobile phone number_email'

28-01-2024T15:02:04 - [TEST_STEP][PASSED] - click(findTestObject("Manual_Login_OR/Page_Amazon Sign-In/input_Enter your email or mobile phone number_continue"), OPTIONAL): Object: 'Object Repository/Manual_Login_OR/Page_Amazon Sign-In/input_Enter your email or mobile phone number_continue' is clicked on

28-01-2024T15:02:07 - [MESSAGE][PASSED] - Object: 'Object Repository/Manual_Login_OR/Page_Amazon Sign-In/input_Enter your email or mobile phone number_continue' is clicked on

28-01-2024T15:02:07 - [TEST_STEP][PASSED] - setEncryptedText(findTestObject("Manual_Login_OR/Page_Amazon Sign-In/input_Forgot your password_password"), "vIW88jy3Ae0="): Text ****** has been set on object 'Object Repository/Manual_Login_OR/Page_Amazon Sign-In/input_Forgot your password_password'

28-01-2024T15:02:09 - [MESSAGE][PASSED] - Text ****** has been set on object 'Object Repository/Manual_Login_OR/Page_Amazon Sign-In/input_Forgot your password_password'

28-01-2024T15:02:09 - [TEST_STEP][PASSED] - click(findTestObject("Manual_Login_OR/Page_Amazon Sign-In/input_Enter your password_signInSubmit")): Object: 'Object Repository/Manual_Login_OR/Page_Amazon Sign-In/input_Enter your password_signInSubmit' is clicked on

28-01-2024T15:02:09 - [MESSAGE][PASSED] - Object: 'Object Repository/Manual_Login_OR/Page_Amazon Sign-In/input_Enter your password_signInSubmit' is clicked on

28-01-2024T15:02:09 - [TEST_STEP][PASSED] - closeBrowser(): Browser is closed

28-01-2024T15:02:10 - [MESSAGE][PASSED] - Browser is closed]]></system-out>
         <system-err><![CDATA[]]></system-err>
      </testcase>
      <testcase name="Test Cases/Katalon_Amazon_Recording_Modes/TC_Amazon_Registration_Script_Mode_001" time="40.221" classname="Test Cases/Katalon_Amazon_Recording_Modes/TC_Amazon_Registration_Script_Mode_001" status="PASSED">
         <system-out><![CDATA[28-01-2024T15:02:10 - [TEST_CASE][PASSED] - Test Cases/Katalon_Amazon_Recording_Modes/TC_Amazon_Registration_Script_Mode_001: Test Cases/Katalon_Amazon_Recording_Modes/TC_Amazon_Registration_Script_Mode_001

28-01-2024T15:02:10 - [TEST_STEP][PASSED] - openBrowser(""): Browser is opened with url: ''

28-01-2024T15:02:10 - [MESSAGE][INFO] - Starting 'Chrome' driver

28-01-2024T15:02:10 - [MESSAGE][INFO] - Action delay is set to 0 milliseconds

28-01-2024T15:02:13 - [MESSAGE][PASSED] - Browser is opened with url: ''

28-01-2024T15:02:13 - [TEST_STEP][PASSED] - navigateToUrl("https://www.amazon.com/"): Navigate to 'https://www.amazon.com/' successfully

28-01-2024T15:02:32 - [MESSAGE][PASSED] - Navigate to 'https://www.amazon.com/' successfully

28-01-2024T15:02:32 - [TEST_STEP][PASSED] - click(findTestObject("Object Repository/Amz_Registration_OR/Page_Amazon.com. Spend less. Smile more/span_Account  Lists")): Object: 'Object Repository/Amz_Registration_OR/Page_Amazon.com. Spend less. Smile more/span_Account  Lists' is clicked on

28-01-2024T15:02:39 - [MESSAGE][PASSED] - Object: 'Object Repository/Amz_Registration_OR/Page_Amazon.com. Spend less. Smile more/span_Account  Lists' is clicked on

28-01-2024T15:02:39 - [TEST_STEP][PASSED] - click(findTestObject("Object Repository/Amz_Registration_OR/Page_Amazon Sign-In/a_Create your Amazon account_1")): Object: 'Object Repository/Amz_Registration_OR/Page_Amazon Sign-In/a_Create your Amazon account_1' is clicked on

28-01-2024T15:02:42 - [MESSAGE][PASSED] - Object: 'Object Repository/Amz_Registration_OR/Page_Amazon Sign-In/a_Create your Amazon account_1' is clicked on

28-01-2024T15:02:42 - [TEST_STEP][PASSED] - setText(findTestObject("Object Repository/Amz_Registration_OR/Page_Amazon Registration/input_customerName"), "john"): Text 'john' is set on object 'Object Repository/Amz_Registration_OR/Page_Amazon Registration/input_customerName'

28-01-2024T15:02:44 - [MESSAGE][PASSED] - Text 'john' is set on object 'Object Repository/Amz_Registration_OR/Page_Amazon Registration/input_customerName'

28-01-2024T15:02:44 - [TEST_STEP][PASSED] - setText(findTestObject("Object Repository/Amz_Registration_OR/Page_Amazon Registration/input_email"), "iamjohnghost@gmail.com"): Text 'iamjohnghost@gmail.com' is set on object 'Object Repository/Amz_Registration_OR/Page_Amazon Registration/input_email'

28-01-2024T15:02:45 - [MESSAGE][PASSED] - Text 'iamjohnghost@gmail.com' is set on object 'Object Repository/Amz_Registration_OR/Page_Amazon Registration/input_email'

28-01-2024T15:02:45 - [TEST_STEP][PASSED] - setEncryptedText(findTestObject("Object Repository/Amz_Registration_OR/Page_Amazon Registration/input_password"), "vIW88jy3Ae0="): Text ****** has been set on object 'Object Repository/Amz_Registration_OR/Page_Amazon Registration/input_password'

28-01-2024T15:02:46 - [MESSAGE][PASSED] - Text ****** has been set on object 'Object Repository/Amz_Registration_OR/Page_Amazon Registration/input_password'

28-01-2024T15:02:46 - [TEST_STEP][PASSED] - setEncryptedText(findTestObject("Object Repository/Amz_Registration_OR/Page_Amazon Registration/input_passwordCheck"), "vIW88jy3Ae0="): Text ****** has been set on object 'Object Repository/Amz_Registration_OR/Page_Amazon Registration/input_passwordCheck'

28-01-2024T15:02:47 - [MESSAGE][PASSED] - Text ****** has been set on object 'Object Repository/Amz_Registration_OR/Page_Amazon Registration/input_passwordCheck'

28-01-2024T15:02:47 - [TEST_STEP][PASSED] - click(findTestObject("Object Repository/Amz_Registration_OR/Page_Amazon Registration/inputcontinue")): Object: 'Object Repository/Amz_Registration_OR/Page_Amazon Registration/inputcontinue' is clicked on

28-01-2024T15:02:49 - [MESSAGE][PASSED] - Object: 'Object Repository/Amz_Registration_OR/Page_Amazon Registration/inputcontinue' is clicked on

28-01-2024T15:02:49 - [TEST_STEP][PASSED] - closeBrowser(): Browser is closed

28-01-2024T15:02:50 - [MESSAGE][PASSED] - Browser is closed]]></system-out>
         <system-err><![CDATA[]]></system-err>
      </testcase>
      <testcase name="Test Cases/Katalon_Amazon_Recording_Modes/TC_Amazon_Registration_Manual_Mode_001" time="60.802" classname="Test Cases/Katalon_Amazon_Recording_Modes/TC_Amazon_Registration_Manual_Mode_001" status="PASSED">
         <system-out><![CDATA[28-01-2024T15:02:50 - [TEST_CASE][PASSED] - Test Cases/Katalon_Amazon_Recording_Modes/TC_Amazon_Registration_Manual_Mode_001: Test Cases/Katalon_Amazon_Recording_Modes/TC_Amazon_Registration_Manual_Mode_001

28-01-2024T15:02:51 - [TEST_STEP][PASSED] - openBrowser(""): Browser is opened with url: ''

28-01-2024T15:02:51 - [MESSAGE][INFO] - Starting 'Chrome' driver

28-01-2024T15:02:51 - [MESSAGE][INFO] - Action delay is set to 0 milliseconds

28-01-2024T15:02:53 - [MESSAGE][PASSED] - Browser is opened with url: ''

28-01-2024T15:02:53 - [TEST_STEP][PASSED] - navigateToUrl("https://www.amazon.com"): Navigate to 'https://www.amazon.com' successfully

28-01-2024T15:02:55 - [MESSAGE][PASSED] - Navigate to 'https://www.amazon.com' successfully

28-01-2024T15:02:55 - [TEST_STEP][PASSED] - click(findTestObject("Amazon_Manual_Registration_OR/Page_Amazon.com. Spend less. Smile more/span_Account  Lists")): Object: 'Object Repository/Amazon_Manual_Registration_OR/Page_Amazon.com. Spend less. Smile more/span_Account  Lists' is clicked on

28-01-2024T15:03:41 - [MESSAGE][PASSED] - Object: 'Object Repository/Amazon_Manual_Registration_OR/Page_Amazon.com. Spend less. Smile more/span_Account  Lists' is clicked on

28-01-2024T15:03:41 - [TEST_STEP][PASSED] - click(findTestObject("Amazon_Manual_Registration_OR/Page_Amazon Sign-In/a_Create your Amazon account"), OPTIONAL): Object: 'Object Repository/Amazon_Manual_Registration_OR/Page_Amazon Sign-In/a_Create your Amazon account' is clicked on

28-01-2024T15:03:44 - [MESSAGE][PASSED] - Object: 'Object Repository/Amazon_Manual_Registration_OR/Page_Amazon Sign-In/a_Create your Amazon account' is clicked on

28-01-2024T15:03:44 - [TEST_STEP][PASSED] - setText(findTestObject("Amazon_Manual_Registration_OR/Page_Amazon Registration/input_Your name_customerName"), "john"): Text 'john' is set on object 'Object Repository/Amazon_Manual_Registration_OR/Page_Amazon Registration/input_Your name_customerName'

28-01-2024T15:03:45 - [MESSAGE][PASSED] - Text 'john' is set on object 'Object Repository/Amazon_Manual_Registration_OR/Page_Amazon Registration/input_Your name_customerName'

28-01-2024T15:03:45 - [TEST_STEP][PASSED] - setText(findTestObject("Amazon_Manual_Registration_OR/Page_Amazon Registration/input_US 1_email"), "iamjohnghost@gmail.com"): Text 'iamjohnghost@gmail.com' is set on object 'Object Repository/Amazon_Manual_Registration_OR/Page_Amazon Registration/input_US 1_email'

28-01-2024T15:03:47 - [MESSAGE][PASSED] - Text 'iamjohnghost@gmail.com' is set on object 'Object Repository/Amazon_Manual_Registration_OR/Page_Amazon Registration/input_US 1_email'

28-01-2024T15:03:47 - [TEST_STEP][PASSED] - setEncryptedText(findTestObject("Amazon_Manual_Registration_OR/Page_Amazon Registration/input_Password_password"), "vIW88jy3Ae0="): Text ****** has been set on object 'Object Repository/Amazon_Manual_Registration_OR/Page_Amazon Registration/input_Password_password'

28-01-2024T15:03:48 - [MESSAGE][PASSED] - Text ****** has been set on object 'Object Repository/Amazon_Manual_Registration_OR/Page_Amazon Registration/input_Password_password'

28-01-2024T15:03:48 - [TEST_STEP][PASSED] - setEncryptedText(findTestObject("Amazon_Manual_Registration_OR/Page_Amazon Registration/input_Re-enter password_passwordCheck"), "vIW88jy3Ae0="): Text ****** has been set on object 'Object Repository/Amazon_Manual_Registration_OR/Page_Amazon Registration/input_Re-enter password_passwordCheck'

28-01-2024T15:03:48 - [MESSAGE][PASSED] - Text ****** has been set on object 'Object Repository/Amazon_Manual_Registration_OR/Page_Amazon Registration/input_Re-enter password_passwordCheck'

28-01-2024T15:03:48 - [TEST_STEP][PASSED] - click(findTestObject("Amazon_Manual_Registration_OR/Page_Amazon Registration/input_Passwords must match_continue")): Object: 'Object Repository/Amazon_Manual_Registration_OR/Page_Amazon Registration/input_Passwords must match_continue' is clicked on

28-01-2024T15:03:50 - [MESSAGE][PASSED] - Object: 'Object Repository/Amazon_Manual_Registration_OR/Page_Amazon Registration/input_Passwords must match_continue' is clicked on

28-01-2024T15:03:50 - [TEST_STEP][PASSED] - closeBrowser(): Browser is closed

28-01-2024T15:03:51 - [MESSAGE][PASSED] - Browser is closed]]></system-out>
         <system-err><![CDATA[]]></system-err>
      </testcase>
      <testcase name="Test Cases/Katalon_Amazon_Recording_Modes/TC__Search,Browsing_Record_And_Playback_001" time="51.326" classname="Test Cases/Katalon_Amazon_Recording_Modes/TC__Search,Browsing_Record_And_Playback_001" status="PASSED">
         <system-out><![CDATA[28-01-2024T15:03:51 - [TEST_CASE][PASSED] - Test Cases/Katalon_Amazon_Recording_Modes/TC__Search,Browsing_Record_And_Playback_001: Test Cases/Katalon_Amazon_Recording_Modes/TC__Search,Browsing_Record_And_Playback_001

28-01-2024T15:03:51 - [TEST_STEP][PASSED] - openBrowser(""): Browser is opened with url: ''

28-01-2024T15:03:51 - [MESSAGE][INFO] - Starting 'Chrome' driver

28-01-2024T15:03:51 - [MESSAGE][INFO] - Action delay is set to 0 milliseconds

28-01-2024T15:03:54 - [MESSAGE][PASSED] - Browser is opened with url: ''

28-01-2024T15:03:54 - [TEST_STEP][PASSED] - navigateToUrl("https://www.amazon.com/"): Navigate to 'https://www.amazon.com/' successfully

28-01-2024T15:04:08 - [MESSAGE][PASSED] - Navigate to 'https://www.amazon.com/' successfully

28-01-2024T15:04:08 - [TEST_STEP][PASSED] - click(findTestObject("Object Repository/Search_Browse_Record_and_Playback_OR/Page_Amazon.com. Spend less. Smile more/span_nav-icon nav-arrow")): Object: 'Object Repository/Search_Browse_Record_and_Playback_OR/Page_Amazon.com. Spend less. Smile more/span_nav-icon nav-arrow' is clicked on

28-01-2024T15:04:12 - [MESSAGE][PASSED] - Object: 'Object Repository/Search_Browse_Record_and_Playback_OR/Page_Amazon.com. Spend less. Smile more/span_nav-icon nav-arrow' is clicked on

28-01-2024T15:04:12 - [TEST_STEP][PASSED] - setText(findTestObject("Object Repository/Search_Browse_Record_and_Playback_OR/Page_Amazon Sign-In/input_email"), "iamjohnghost@gmail.com"): Text 'iamjohnghost@gmail.com' is set on object 'Object Repository/Search_Browse_Record_and_Playback_OR/Page_Amazon Sign-In/input_email'

28-01-2024T15:04:14 - [MESSAGE][PASSED] - Text 'iamjohnghost@gmail.com' is set on object 'Object Repository/Search_Browse_Record_and_Playback_OR/Page_Amazon Sign-In/input_email'

28-01-2024T15:04:14 - [TEST_STEP][PASSED] - click(findTestObject("Object Repository/Search_Browse_Record_and_Playback_OR/Page_Amazon Sign-In/inputcontinue")): Object: 'Object Repository/Search_Browse_Record_and_Playback_OR/Page_Amazon Sign-In/inputcontinue' is clicked on

28-01-2024T15:04:17 - [MESSAGE][PASSED] - Object: 'Object Repository/Search_Browse_Record_and_Playback_OR/Page_Amazon Sign-In/inputcontinue' is clicked on

28-01-2024T15:04:17 - [TEST_STEP][PASSED] - setEncryptedText(findTestObject("Object Repository/Search_Browse_Record_and_Playback_OR/Page_Amazon Sign-In/input_password"), "vIW88jy3Ae0="): Text ****** has been set on object 'Object Repository/Search_Browse_Record_and_Playback_OR/Page_Amazon Sign-In/input_password'

28-01-2024T15:04:19 - [MESSAGE][PASSED] - Text ****** has been set on object 'Object Repository/Search_Browse_Record_and_Playback_OR/Page_Amazon Sign-In/input_password'

28-01-2024T15:04:19 - [TEST_STEP][PASSED] - click(findTestObject("Object Repository/Search_Browse_Record_and_Playback_OR/Page_Amazon Sign-In/inputsignInSubmit")): Object: 'Object Repository/Search_Browse_Record_and_Playback_OR/Page_Amazon Sign-In/inputsignInSubmit' is clicked on

28-01-2024T15:04:19 - [MESSAGE][PASSED] - Object: 'Object Repository/Search_Browse_Record_and_Playback_OR/Page_Amazon Sign-In/inputsignInSubmit' is clicked on

28-01-2024T15:04:19 - [TEST_STEP][PASSED] - selectOptionByValue(findTestObject("Object Repository/Search_Browse_Record_and_Playback_OR/Page_Amazon.com. Spend less. Smile more/select_All Departments        Arts  Crafts _135c92"), "search-alias=stripbooks-intl-ship", true): All options with value 'search-alias=stripbooks-intl-ship' are selected in object 'Object Repository/Search_Browse_Record_and_Playback_OR/Page_Amazon.com. Spend less. Smile more/select_All Departments        Arts  Crafts _135c92'  using regular expression

28-01-2024T15:04:29 - [MESSAGE][PASSED] - All options with value 'search-alias=stripbooks-intl-ship' are selected in object 'Object Repository/Search_Browse_Record_and_Playback_OR/Page_Amazon.com. Spend less. Smile more/select_All Departments        Arts  Crafts _135c92'  using regular expression

28-01-2024T15:04:29 - [TEST_STEP][PASSED] - setText(findTestObject("Object Repository/Search_Browse_Record_and_Playback_OR/Page_Amazon.com. Spend less. Smile more/input_field-keywords"), "Homo Deus"): Text 'Homo Deus' is set on object 'Object Repository/Search_Browse_Record_and_Playback_OR/Page_Amazon.com. Spend less. Smile more/input_field-keywords'

28-01-2024T15:04:31 - [MESSAGE][PASSED] - Text 'Homo Deus' is set on object 'Object Repository/Search_Browse_Record_and_Playback_OR/Page_Amazon.com. Spend less. Smile more/input_field-keywords'

28-01-2024T15:04:31 - [TEST_STEP][PASSED] - click(findTestObject("Object Repository/Search_Browse_Record_and_Playback_OR/Page_Amazon.com. Spend less. Smile more/inputnav-search-submit-button")): Object: 'Object Repository/Search_Browse_Record_and_Playback_OR/Page_Amazon.com. Spend less. Smile more/inputnav-search-submit-button' is clicked on

28-01-2024T15:04:36 - [MESSAGE][PASSED] - Object: 'Object Repository/Search_Browse_Record_and_Playback_OR/Page_Amazon.com. Spend less. Smile more/inputnav-search-submit-button' is clicked on

28-01-2024T15:04:36 - [TEST_STEP][PASSED] - click(findTestObject("Object Repository/Search_Browse_Record_and_Playback_OR/Page_Amazon.com  Homo Deus/img_s-image")): Object: 'Object Repository/Search_Browse_Record_and_Playback_OR/Page_Amazon.com  Homo Deus/img_s-image' is clicked on

28-01-2024T15:04:42 - [MESSAGE][PASSED] - Object: 'Object Repository/Search_Browse_Record_and_Playback_OR/Page_Amazon.com  Homo Deus/img_s-image' is clicked on

28-01-2024T15:04:42 - [TEST_STEP][PASSED] - closeBrowser(): Browser is closed

28-01-2024T15:04:42 - [MESSAGE][PASSED] - Browser is closed]]></system-out>
         <system-err><![CDATA[]]></system-err>
      </testcase>
      <testcase name="Test Cases/Katalon_Amazon_Recording_Modes/TC_Amazon_shopping_Cart_Record_And_Playback_001" time="95.844" classname="Test Cases/Katalon_Amazon_Recording_Modes/TC_Amazon_shopping_Cart_Record_And_Playback_001" status="PASSED">
         <system-out><![CDATA[28-01-2024T15:04:43 - [TEST_CASE][PASSED] - Test Cases/Katalon_Amazon_Recording_Modes/TC_Amazon_shopping_Cart_Record_And_Playback_001: Test Cases/Katalon_Amazon_Recording_Modes/TC_Amazon_shopping_Cart_Record_And_Playback_001

28-01-2024T15:04:43 - [TEST_STEP][PASSED] - openBrowser(""): Browser is opened with url: ''

28-01-2024T15:04:43 - [MESSAGE][INFO] - Starting 'Chrome' driver

28-01-2024T15:04:43 - [MESSAGE][INFO] - Action delay is set to 0 milliseconds

28-01-2024T15:04:45 - [MESSAGE][PASSED] - Browser is opened with url: ''

28-01-2024T15:04:45 - [TEST_STEP][PASSED] - navigateToUrl("https://www.amazon.com/"): Navigate to 'https://www.amazon.com/' successfully

28-01-2024T15:04:47 - [MESSAGE][PASSED] - Navigate to 'https://www.amazon.com/' successfully

28-01-2024T15:04:47 - [TEST_STEP][PASSED] - click(findTestObject("Object Repository/Add_To_cart_OR/Page_Amazon.com. Spend less. Smile more/span_Hello, sign in")): Object: 'Object Repository/Add_To_cart_OR/Page_Amazon.com. Spend less. Smile more/span_Hello, sign in' is clicked on

28-01-2024T15:05:28 - [MESSAGE][PASSED] - Object: 'Object Repository/Add_To_cart_OR/Page_Amazon.com. Spend less. Smile more/span_Hello, sign in' is clicked on

28-01-2024T15:05:28 - [TEST_STEP][PASSED] - setText(findTestObject("Object Repository/Add_To_cart_OR/Page_Amazon Sign-In/input_email"), "iamjohnghost@gmail.com"): Text 'iamjohnghost@gmail.com' is set on object 'Object Repository/Add_To_cart_OR/Page_Amazon Sign-In/input_email'

28-01-2024T15:05:30 - [MESSAGE][PASSED] - Text 'iamjohnghost@gmail.com' is set on object 'Object Repository/Add_To_cart_OR/Page_Amazon Sign-In/input_email'

28-01-2024T15:05:30 - [TEST_STEP][PASSED] - click(findTestObject("Object Repository/Add_To_cart_OR/Page_Amazon Sign-In/inputcontinue")): Object: 'Object Repository/Add_To_cart_OR/Page_Amazon Sign-In/inputcontinue' is clicked on

28-01-2024T15:05:32 - [MESSAGE][PASSED] - Object: 'Object Repository/Add_To_cart_OR/Page_Amazon Sign-In/inputcontinue' is clicked on

28-01-2024T15:05:32 - [TEST_STEP][PASSED] - setEncryptedText(findTestObject("Object Repository/Add_To_cart_OR/Page_Amazon Sign-In/input_password"), "vIW88jy3Ae0="): Text ****** has been set on object 'Object Repository/Add_To_cart_OR/Page_Amazon Sign-In/input_password'

28-01-2024T15:05:33 - [MESSAGE][PASSED] - Text ****** has been set on object 'Object Repository/Add_To_cart_OR/Page_Amazon Sign-In/input_password'

28-01-2024T15:05:33 - [TEST_STEP][PASSED] - click(findTestObject("Object Repository/Add_To_cart_OR/Page_Amazon Sign-In/inputsignInSubmit")): Object: 'Object Repository/Add_To_cart_OR/Page_Amazon Sign-In/inputsignInSubmit' is clicked on

28-01-2024T15:05:34 - [MESSAGE][PASSED] - Object: 'Object Repository/Add_To_cart_OR/Page_Amazon Sign-In/inputsignInSubmit' is clicked on

28-01-2024T15:05:34 - [TEST_STEP][PASSED] - selectOptionByValue(findTestObject("Object Repository/Add_To_cart_OR/Page_Amazon.com. Spend less. Smile more/select_All Departments        Arts  Crafts _135c92"), "search-alias=stripbooks-intl-ship", true): All options with value 'search-alias=stripbooks-intl-ship' are selected in object 'Object Repository/Add_To_cart_OR/Page_Amazon.com. Spend less. Smile more/select_All Departments        Arts  Crafts _135c92'  using regular expression

28-01-2024T15:05:48 - [MESSAGE][PASSED] - All options with value 'search-alias=stripbooks-intl-ship' are selected in object 'Object Repository/Add_To_cart_OR/Page_Amazon.com. Spend less. Smile more/select_All Departments        Arts  Crafts _135c92'  using regular expression

28-01-2024T15:05:48 - [TEST_STEP][PASSED] - setText(findTestObject("Object Repository/Add_To_cart_OR/Page_Amazon.com. Spend less. Smile more/input_field-keywords"), "da vinci code"): Text 'da vinci code' is set on object 'Object Repository/Add_To_cart_OR/Page_Amazon.com. Spend less. Smile more/input_field-keywords'

28-01-2024T15:05:50 - [MESSAGE][PASSED] - Text 'da vinci code' is set on object 'Object Repository/Add_To_cart_OR/Page_Amazon.com. Spend less. Smile more/input_field-keywords'

28-01-2024T15:05:50 - [TEST_STEP][PASSED] - click(findTestObject("Object Repository/Add_To_cart_OR/Page_Amazon.com. Spend less. Smile more/inputnav-search-submit-button")): Object: 'Object Repository/Add_To_cart_OR/Page_Amazon.com. Spend less. Smile more/inputnav-search-submit-button' is clicked on

28-01-2024T15:05:57 - [MESSAGE][PASSED] - Object: 'Object Repository/Add_To_cart_OR/Page_Amazon.com. Spend less. Smile more/inputnav-search-submit-button' is clicked on

28-01-2024T15:05:57 - [TEST_STEP][PASSED] - click(findTestObject("Object Repository/Add_To_cart_OR/Page_Amazon.com  da vinci code/img_s-image")): Object: 'Object Repository/Add_To_cart_OR/Page_Amazon.com  da vinci code/img_s-image' is clicked on

28-01-2024T15:06:06 - [MESSAGE][PASSED] - Object: 'Object Repository/Add_To_cart_OR/Page_Amazon.com  da vinci code/img_s-image' is clicked on

28-01-2024T15:06:06 - [TEST_STEP][PASSED] - click(findTestObject("Object Repository/Add_To_cart_OR/Page_The Da Vinci Code (Large Print) Brown,_a09dbd/input_submit.add-to-cart")): Object: 'Object Repository/Add_To_cart_OR/Page_The Da Vinci Code (Large Print) Brown,_a09dbd/input_submit.add-to-cart' is clicked on

28-01-2024T15:06:12 - [MESSAGE][PASSED] - Object: 'Object Repository/Add_To_cart_OR/Page_The Da Vinci Code (Large Print) Brown,_a09dbd/input_submit.add-to-cart' is clicked on

28-01-2024T15:06:12 - [TEST_STEP][PASSED] - click(findTestObject("Object Repository/Add_To_cart_OR/Page_Amazon.com Shopping Cart/span_nav-cart-icon nav-sprite")): Object: 'Object Repository/Add_To_cart_OR/Page_Amazon.com Shopping Cart/span_nav-cart-icon nav-sprite' is clicked on

28-01-2024T15:06:17 - [MESSAGE][PASSED] - Object: 'Object Repository/Add_To_cart_OR/Page_Amazon.com Shopping Cart/span_nav-cart-icon nav-sprite' is clicked on

28-01-2024T15:06:17 - [TEST_STEP][PASSED] - closeBrowser(): Browser is closed

28-01-2024T15:06:18 - [MESSAGE][PASSED] - Browser is closed]]></system-out>
         <system-err><![CDATA[]]></system-err>
      </testcase>
      <system-out><![CDATA[28-01-2024T15:01:13 - [TEST_SUITE][PASSED] - Recording_Modes_Test_Suite_001: Test Cases/Katalon_Amazon_Recording_Modes/TC_Amazon_shopping_Cart_Record_And_Playback_001]]></system-out>
      <system-err><![CDATA[]]></system-err>
   </testsuite>
</testsuites>
