<?xml version="1.0" encoding="UTF-8"?>
<testsuites name="DDT_Amazon_Category_validation_001" time="118.854" tests="3" failures="0" errors="0">
   <testsuite name="DDT_Amazon_Category_validation_001" tests="3" failures="0" errors="0" time="118.854" skipped="0" timestamp="28-01-2024T17:04:22" hostname="Admin - LAPTOP-73RTQLDI" id="Test Suites/DDT_Amazon_Category/DDT_Amazon_Category_validation_001">
      <properties>
         <property name="deviceName" value=""/>
         <property name="devicePlatform" value=""/>
         <property name="logFolder" value="C:\\Users\\hp\\Katalon Studio\\Software Automation Testing with Katalon\\Reports\\20240128_170357\\DDT_Amazon_Category\\DDT_Amazon_Category_validation_001\\20240128_170357"/>
         <property name="logFiles" value="C:\\Users\\hp\\Katalon Studio\\Software Automation Testing with Katalon\\Reports\\20240128_170357\\DDT_Amazon_Category\\DDT_Amazon_Category_validation_001\\20240128_170357\\execution0.log"/>
         <property name="attachments" value=""/>
         <property name="hostName" value="Admin - LAPTOP-73RTQLDI"/>
         <property name="os" value="Windows 11 64bit"/>
         <property name="katalonVersion" value="9.2.0.212"/>
         <property name="browser" value="Chrome 120.0.0.0"/>
         <property name="hostAddress" value="169.254.189.53"/>
         <property name="sessionId" value="db1e80469f2c3e2a40dfc948ef771ffb"/>
         <property name="seleniumVersion" value="3.141.59"/>
         <property name="proxyInformation" value="ProxyInformation { proxyOption=NO_PROXY, proxyServerType=HTTP, username=, password=********, proxyServerAddress=, proxyServerPort=0, executionList=&quot;&quot;, isApplyToDesiredCapabilities=true }"/>
         <property name="platform" value="Windows 11"/>
      </properties>
      <testcase name="Test Cases/Data_Driven_Testing/TC_Amazon_Category_Validation_Excel_001" time="43.316" classname="Test Cases/Data_Driven_Testing/TC_Amazon_Category_Validation_Excel_001" status="PASSED">
         <system-out><![CDATA[28-01-2024T17:04:23 - [TEST_CASE][PASSED] - Test Cases/Data_Driven_Testing/TC_Amazon_Category_Validation_Excel_001: Test Cases/Data_Driven_Testing/TC_Amazon_Category_Validation_Excel_001

28-01-2024T17:04:24 - [TEST_STEP][PASSED] - openBrowser(""): Browser is opened with url: ''

28-01-2024T17:04:25 - [MESSAGE][INFO] - Starting 'Chrome' driver

28-01-2024T17:04:25 - [MESSAGE][INFO] - Action delay is set to 0 milliseconds

28-01-2024T17:04:32 - [MESSAGE][PASSED] - Browser is opened with url: ''

28-01-2024T17:04:32 - [TEST_STEP][PASSED] - navigateToUrl("https://www.amazon.com"): Navigate to 'https://www.amazon.com' successfully

28-01-2024T17:04:47 - [MESSAGE][PASSED] - Navigate to 'https://www.amazon.com' successfully

28-01-2024T17:04:47 - [TEST_STEP][PASSED] - selectOptionByValue(findTestObject("Category_validation_Excel_001/Page_Amazon.com. Spend less. Smile more/Category element"), category, true): No option matched.

28-01-2024T17:04:51 - [MESSAGE][WARNING] - No option matched.

28-01-2024T17:04:51 - [TEST_STEP][PASSED] - setText(findTestObject("Category_validation_Excel_001/Page_Amazon.com. Spend less. Smile more/input_Search Amazon_field-keywords"), "item"): Text 'item' is set on object 'Object Repository/Category_validation_Excel_001/Page_Amazon.com. Spend less. Smile more/input_Search Amazon_field-keywords'

28-01-2024T17:04:53 - [MESSAGE][PASSED] - Text 'item' is set on object 'Object Repository/Category_validation_Excel_001/Page_Amazon.com. Spend less. Smile more/input_Search Amazon_field-keywords'

28-01-2024T17:04:53 - [TEST_STEP][PASSED] - click(findTestObject("Category_validation_Excel_001/Page_Amazon.com. Spend less. Smile more/input_Search Amazon_nav-search-submit-button")): Object: 'Object Repository/Category_validation_Excel_001/Page_Amazon.com. Spend less. Smile more/input_Search Amazon_nav-search-submit-button' is clicked on

28-01-2024T17:05:05 - [MESSAGE][PASSED] - Object: 'Object Repository/Category_validation_Excel_001/Page_Amazon.com. Spend less. Smile more/input_Search Amazon_nav-search-submit-button' is clicked on

28-01-2024T17:05:05 - [TEST_STEP][PASSED] - closeBrowser(): Browser is closed

28-01-2024T17:05:06 - [MESSAGE][PASSED] - Browser is closed]]></system-out>
         <system-err><![CDATA[]]></system-err>
      </testcase>
      <testcase name="Test Cases/Data_Driven_Testing/TC_Amazon_Category_Validation_Excel_001" time="50.644" classname="Test Cases/Data_Driven_Testing/TC_Amazon_Category_Validation_Excel_001" status="PASSED">
         <system-out><![CDATA[28-01-2024T17:05:07 - [TEST_CASE][PASSED] - Test Cases/Data_Driven_Testing/TC_Amazon_Category_Validation_Excel_001: Test Cases/Data_Driven_Testing/TC_Amazon_Category_Validation_Excel_001

28-01-2024T17:05:07 - [TEST_STEP][PASSED] - openBrowser(""): Browser is opened with url: ''

28-01-2024T17:05:07 - [MESSAGE][INFO] - Starting 'Chrome' driver

28-01-2024T17:05:07 - [MESSAGE][INFO] - Action delay is set to 0 milliseconds

28-01-2024T17:05:09 - [MESSAGE][PASSED] - Browser is opened with url: ''

28-01-2024T17:05:09 - [TEST_STEP][PASSED] - navigateToUrl("https://www.amazon.com"): Navigate to 'https://www.amazon.com' successfully

28-01-2024T17:05:12 - [MESSAGE][PASSED] - Navigate to 'https://www.amazon.com' successfully

28-01-2024T17:05:12 - [TEST_STEP][PASSED] - selectOptionByValue(findTestObject("Category_validation_Excel_001/Page_Amazon.com. Spend less. Smile more/Category element"), category, true): No option matched.

28-01-2024T17:05:47 - [MESSAGE][WARNING] - No option matched.

28-01-2024T17:05:47 - [TEST_STEP][PASSED] - setText(findTestObject("Category_validation_Excel_001/Page_Amazon.com. Spend less. Smile more/input_Search Amazon_field-keywords"), "item"): Text 'item' is set on object 'Object Repository/Category_validation_Excel_001/Page_Amazon.com. Spend less. Smile more/input_Search Amazon_field-keywords'

28-01-2024T17:05:48 - [MESSAGE][PASSED] - Text 'item' is set on object 'Object Repository/Category_validation_Excel_001/Page_Amazon.com. Spend less. Smile more/input_Search Amazon_field-keywords'

28-01-2024T17:05:48 - [TEST_STEP][PASSED] - click(findTestObject("Category_validation_Excel_001/Page_Amazon.com. Spend less. Smile more/input_Search Amazon_nav-search-submit-button")): Object: 'Object Repository/Category_validation_Excel_001/Page_Amazon.com. Spend less. Smile more/input_Search Amazon_nav-search-submit-button' is clicked on

28-01-2024T17:05:57 - [MESSAGE][PASSED] - Object: 'Object Repository/Category_validation_Excel_001/Page_Amazon.com. Spend less. Smile more/input_Search Amazon_nav-search-submit-button' is clicked on

28-01-2024T17:05:57 - [TEST_STEP][PASSED] - closeBrowser(): Browser is closed

28-01-2024T17:05:57 - [MESSAGE][PASSED] - Browser is closed]]></system-out>
         <system-err><![CDATA[]]></system-err>
      </testcase>
      <testcase name="Test Cases/Data_Driven_Testing/TC_Amazon_Category_Validation_Excel_001" time="23.801" classname="Test Cases/Data_Driven_Testing/TC_Amazon_Category_Validation_Excel_001" status="PASSED">
         <system-out><![CDATA[28-01-2024T17:05:57 - [TEST_CASE][PASSED] - Test Cases/Data_Driven_Testing/TC_Amazon_Category_Validation_Excel_001: Test Cases/Data_Driven_Testing/TC_Amazon_Category_Validation_Excel_001

28-01-2024T17:05:57 - [TEST_STEP][PASSED] - openBrowser(""): Browser is opened with url: ''

28-01-2024T17:05:57 - [MESSAGE][INFO] - Starting 'Chrome' driver

28-01-2024T17:05:57 - [MESSAGE][INFO] - Action delay is set to 0 milliseconds

28-01-2024T17:06:00 - [MESSAGE][PASSED] - Browser is opened with url: ''

28-01-2024T17:06:00 - [TEST_STEP][PASSED] - navigateToUrl("https://www.amazon.com"): Navigate to 'https://www.amazon.com' successfully

28-01-2024T17:06:10 - [MESSAGE][PASSED] - Navigate to 'https://www.amazon.com' successfully

28-01-2024T17:06:10 - [TEST_STEP][PASSED] - selectOptionByValue(findTestObject("Category_validation_Excel_001/Page_Amazon.com. Spend less. Smile more/Category element"), category, true): No option matched.

28-01-2024T17:06:16 - [MESSAGE][WARNING] - No option matched.

28-01-2024T17:06:16 - [TEST_STEP][PASSED] - setText(findTestObject("Category_validation_Excel_001/Page_Amazon.com. Spend less. Smile more/input_Search Amazon_field-keywords"), "item"): Text 'item' is set on object 'Object Repository/Category_validation_Excel_001/Page_Amazon.com. Spend less. Smile more/input_Search Amazon_field-keywords'

28-01-2024T17:06:18 - [MESSAGE][PASSED] - Text 'item' is set on object 'Object Repository/Category_validation_Excel_001/Page_Amazon.com. Spend less. Smile more/input_Search Amazon_field-keywords'

28-01-2024T17:06:18 - [TEST_STEP][PASSED] - click(findTestObject("Category_validation_Excel_001/Page_Amazon.com. Spend less. Smile more/input_Search Amazon_nav-search-submit-button")): Object: 'Object Repository/Category_validation_Excel_001/Page_Amazon.com. Spend less. Smile more/input_Search Amazon_nav-search-submit-button' is clicked on

28-01-2024T17:06:20 - [MESSAGE][PASSED] - Object: 'Object Repository/Category_validation_Excel_001/Page_Amazon.com. Spend less. Smile more/input_Search Amazon_nav-search-submit-button' is clicked on

28-01-2024T17:06:20 - [TEST_STEP][PASSED] - closeBrowser(): Browser is closed

28-01-2024T17:06:21 - [MESSAGE][PASSED] - Browser is closed]]></system-out>
         <system-err><![CDATA[]]></system-err>
      </testcase>
      <system-out><![CDATA[28-01-2024T17:04:22 - [TEST_SUITE][PASSED] - DDT_Amazon_Category_validation_001: Test Cases/Data_Driven_Testing/TC_Amazon_Category_Validation_Excel_001]]></system-out>
      <system-err><![CDATA[]]></system-err>
   </testsuite>
</testsuites>
